Watching for file changes with StatReloader
C:\Users\lehak\Projects\Portfolio\DjangoTut\foodapp\views.py changed, reloading.
Watching for file changes with StatReloader
C:\Users\lehak\Projects\Portfolio\DjangoTut\foodapp\views.py changed, reloading.
Watching for file changes with StatReloader
C:\Users\lehak\Projects\Portfolio\DjangoTut\foodapp\views.py changed, reloading.
Watching for file changes with StatReloader
C:\Users\lehak\Projects\Portfolio\DjangoTut\foodapp\views.py changed, reloading.
Watching for file changes with StatReloader
Fetching all items from the database
Found 23 items
C:\Users\lehak\Projects\Portfolio\DjangoTut\foodapp\views.py changed, reloading.
Watching for file changes with StatReloader
C:\Users\lehak\Projects\Portfolio\DjangoTut\foodapp\views.py changed, reloading.
Watching for file changes with StatReloader
C:\Users\lehak\Projects\Portfolio\DjangoTut\foodapp\urls.py changed, reloading.
Watching for file changes with StatReloader
C:\Users\lehak\Projects\Portfolio\DjangoTut\foodapp\urls.py changed, reloading.
Watching for file changes with StatReloader
C:\Users\lehak\Projects\Portfolio\DjangoTut\foodapp\views.py changed, reloading.
Watching for file changes with StatReloader
C:\Users\lehak\Projects\Portfolio\DjangoTut\foodapp\views.py changed, reloading.
Watching for file changes with StatReloader
C:\Users\lehak\Projects\Portfolio\DjangoTut\foodapp\views.py changed, reloading.
Watching for file changes with StatReloader
C:\Users\lehak\Projects\Portfolio\DjangoTut\foodapp\views.py changed, reloading.
Watching for file changes with StatReloader
C:\Users\lehak\Projects\Portfolio\DjangoTut\foodapp\views.py changed, reloading.
Watching for file changes with StatReloader
C:\Users\lehak\Projects\Portfolio\DjangoTut\foodapp\views.py changed, reloading.
Watching for file changes with StatReloader
Fetching all items from the database
Found 23 items
Fetching item with id 7
Item found Chicken Tacos ($ 7.29)
Fetching item with id 3
Item found Buritas ($ 18.00)
Fetching item with id 100
Internal Server Error: /foodapp/100/
Traceback (most recent call last):
  File "C:\Users\lehak\Projects\Portfolio\DjangoTut\.venv\Lib\site-packages\django\core\handlers\exception.py", line 55, in inner
    response = get_response(request)
  File "C:\Users\lehak\Projects\Portfolio\DjangoTut\.venv\Lib\site-packages\django\core\handlers\base.py", line 198, in _get_response
    response = wrapped_callback(request, *callback_args, **callback_kwargs)
  File "C:\Users\lehak\Projects\Portfolio\DjangoTut\foodapp\views.py", line 38, in detail
    item_detailed = Item.objects.get(pk=id) #pk = pass key
  File "C:\Users\lehak\Projects\Portfolio\DjangoTut\.venv\Lib\site-packages\django\db\models\manager.py", line 87, in manager_method
    return getattr(self.get_queryset(), name)(*args, **kwargs)
           ~~~~~~~~~~~~~~~~~~~~~~~~~~~~~~~~~~^^^^^^^^^^^^^^^^^
  File "C:\Users\lehak\Projects\Portfolio\DjangoTut\.venv\Lib\site-packages\django\db\models\query.py", line 639, in get
    raise self.model.DoesNotExist(
        "%s matching query does not exist." % self.model._meta.object_name
    )
foodapp.models.Item.DoesNotExist: Item matching query does not exist.
C:\Users\lehak\Projects\Portfolio\DjangoTut\foodapp\views.py changed, reloading.
Watching for file changes with StatReloader
C:\Users\lehak\Projects\Portfolio\DjangoTut\foodapp\views.py changed, reloading.
Watching for file changes with StatReloader
C:\Users\lehak\Projects\Portfolio\DjangoTut\foodapp\views.py changed, reloading.
Watching for file changes with StatReloader
C:\Users\lehak\Projects\Portfolio\DjangoTut\foodapp\views.py changed, reloading.
Watching for file changes with StatReloader
C:\Users\lehak\Projects\Portfolio\DjangoTut\foodapp\views.py changed, reloading.
Watching for file changes with StatReloader
C:\Users\lehak\Projects\Portfolio\DjangoTut\foodapp\views.py changed, reloading.
Watching for file changes with StatReloader
Fetching item with id 100
Item matching query does not exist.
Internal Server Error: /foodapp/100/
Traceback (most recent call last):
  File "C:\Users\lehak\Projects\Portfolio\DjangoTut\.venv\Lib\site-packages\django\core\handlers\exception.py", line 55, in inner
    response = get_response(request)
  File "C:\Users\lehak\Projects\Portfolio\DjangoTut\.venv\Lib\site-packages\django\core\handlers\base.py", line 198, in _get_response
    response = wrapped_callback(request, *callback_args, **callback_kwargs)
  File "C:\Users\lehak\Projects\Portfolio\DjangoTut\foodapp\views.py", line 43, in detail
    return render(request, 'foodapp/detail.html', {'item_detailed': item_detailed})
                                                                    ^^^^^^^^^^^^^
UnboundLocalError: cannot access local variable 'item_detailed' where it is not associated with a value
Fetching item with id 1
Item found Pizza ($ 10.00)
Fetching item with id 70
Item matching query does not exist.
Internal Server Error: /foodapp/70/
Traceback (most recent call last):
  File "C:\Users\lehak\Projects\Portfolio\DjangoTut\.venv\Lib\site-packages\django\core\handlers\exception.py", line 55, in inner
    response = get_response(request)
  File "C:\Users\lehak\Projects\Portfolio\DjangoTut\.venv\Lib\site-packages\django\core\handlers\base.py", line 198, in _get_response
    response = wrapped_callback(request, *callback_args, **callback_kwargs)
  File "C:\Users\lehak\Projects\Portfolio\DjangoTut\foodapp\views.py", line 43, in detail
    return render(request, 'foodapp/detail.html', {'item_detailed': item_detailed})
                                                                    ^^^^^^^^^^^^^
UnboundLocalError: cannot access local variable 'item_detailed' where it is not associated with a value
C:\Users\lehak\Projects\Portfolio\DjangoTut\foodapp\views.py changed, reloading.
Watching for file changes with StatReloader
C:\Users\lehak\Projects\Portfolio\DjangoTut\foodapp\views.py changed, reloading.
Watching for file changes with StatReloader
Fetching item with id 70
No Item matches the given query.
Internal Server Error: /foodapp/70/
Traceback (most recent call last):
  File "C:\Users\lehak\Projects\Portfolio\DjangoTut\.venv\Lib\site-packages\django\core\handlers\exception.py", line 55, in inner
    response = get_response(request)
  File "C:\Users\lehak\Projects\Portfolio\DjangoTut\.venv\Lib\site-packages\django\core\handlers\base.py", line 198, in _get_response
    response = wrapped_callback(request, *callback_args, **callback_kwargs)
  File "C:\Users\lehak\Projects\Portfolio\DjangoTut\foodapp\views.py", line 45, in detail
    return render(request, 'foodapp/detail.html', {'item_detailed': item_detailed})
                                                                    ^^^^^^^^^^^^^
UnboundLocalError: cannot access local variable 'item_detailed' where it is not associated with a value
Fetching all items from the database
Found 23 items
Fetching item with id 2
Item found Burger ($ 20.00)
Fetching item with id 100
No Item matches the given query.
Internal Server Error: /foodapp/100/
Traceback (most recent call last):
  File "C:\Users\lehak\Projects\Portfolio\DjangoTut\.venv\Lib\site-packages\django\core\handlers\exception.py", line 55, in inner
    response = get_response(request)
  File "C:\Users\lehak\Projects\Portfolio\DjangoTut\.venv\Lib\site-packages\django\core\handlers\base.py", line 198, in _get_response
    response = wrapped_callback(request, *callback_args, **callback_kwargs)
  File "C:\Users\lehak\Projects\Portfolio\DjangoTut\foodapp\views.py", line 45, in detail
    return render(request, 'foodapp/detail.html', {'item_detailed': item_detailed})
                                                                    ^^^^^^^^^^^^^
UnboundLocalError: cannot access local variable 'item_detailed' where it is not associated with a value
C:\Users\lehak\Projects\Portfolio\DjangoTut\foodapp\views.py changed, reloading.
Watching for file changes with StatReloader
Fetching item with id 100
No Item matches the given query.
Internal Server Error: /foodapp/100/
Traceback (most recent call last):
  File "C:\Users\lehak\Projects\Portfolio\DjangoTut\.venv\Lib\site-packages\django\core\handlers\exception.py", line 55, in inner
    response = get_response(request)
  File "C:\Users\lehak\Projects\Portfolio\DjangoTut\.venv\Lib\site-packages\django\core\handlers\base.py", line 198, in _get_response
    response = wrapped_callback(request, *callback_args, **callback_kwargs)
  File "C:\Users\lehak\Projects\Portfolio\DjangoTut\foodapp\views.py", line 44, in detail
    return render(request, 'foodapp/detail.html', {'item_detailed': item_detailed})
                                                                    ^^^^^^^^^^^^^
UnboundLocalError: cannot access local variable 'item_detailed' where it is not associated with a value
C:\Users\lehak\Projects\Portfolio\DjangoTut\foodapp\views.py changed, reloading.
Watching for file changes with StatReloader
Fetching item with id 100
No Item matches the given query.
Internal Server Error: /foodapp/100/
Traceback (most recent call last):
  File "C:\Users\lehak\Projects\Portfolio\DjangoTut\.venv\Lib\site-packages\django\shortcuts.py", line 90, in get_object_or_404
    return queryset.get(*args, **kwargs)
           ~~~~~~~~~~~~^^^^^^^^^^^^^^^^^
  File "C:\Users\lehak\Projects\Portfolio\DjangoTut\.venv\Lib\site-packages\django\db\models\query.py", line 639, in get
    raise self.model.DoesNotExist(
        "%s matching query does not exist." % self.model._meta.object_name
    )
foodapp.models.Item.DoesNotExist: Item matching query does not exist.

During handling of the above exception, another exception occurred:

Traceback (most recent call last):
  File "C:\Users\lehak\Projects\Portfolio\DjangoTut\foodapp\views.py", line 40, in detail
    item = get_object_or_404(Item, pk=id) #pk = primary key
  File "C:\Users\lehak\Projects\Portfolio\DjangoTut\.venv\Lib\site-packages\django\shortcuts.py", line 92, in get_object_or_404
    raise Http404(
        "No %s matches the given query." % queryset.model._meta.object_name
    )
django.http.response.Http404: No Item matches the given query.

During handling of the above exception, another exception occurred:

Traceback (most recent call last):
  File "C:\Users\lehak\Projects\Portfolio\DjangoTut\.venv\Lib\site-packages\django\core\handlers\exception.py", line 55, in inner
    response = get_response(request)
  File "C:\Users\lehak\Projects\Portfolio\DjangoTut\.venv\Lib\site-packages\django\core\handlers\base.py", line 198, in _get_response
    response = wrapped_callback(request, *callback_args, **callback_kwargs)
  File "C:\Users\lehak\Projects\Portfolio\DjangoTut\foodapp\views.py", line 44, in detail
    return render(request, 'foodapp/detail.html', {'item': item})
                                                           ^^^^
UnboundLocalError: cannot access local variable 'item' where it is not associated with a value
Fetching item with id 100
No Item matches the given query.
Internal Server Error: /foodapp/100/
Traceback (most recent call last):
  File "C:\Users\lehak\Projects\Portfolio\DjangoTut\.venv\Lib\site-packages\django\shortcuts.py", line 90, in get_object_or_404
    return queryset.get(*args, **kwargs)
           ~~~~~~~~~~~~^^^^^^^^^^^^^^^^^
  File "C:\Users\lehak\Projects\Portfolio\DjangoTut\.venv\Lib\site-packages\django\db\models\query.py", line 639, in get
    raise self.model.DoesNotExist(
        "%s matching query does not exist." % self.model._meta.object_name
    )
foodapp.models.Item.DoesNotExist: Item matching query does not exist.

During handling of the above exception, another exception occurred:

Traceback (most recent call last):
  File "C:\Users\lehak\Projects\Portfolio\DjangoTut\foodapp\views.py", line 40, in detail
    item = get_object_or_404(Item, pk=id) #pk = primary key
  File "C:\Users\lehak\Projects\Portfolio\DjangoTut\.venv\Lib\site-packages\django\shortcuts.py", line 92, in get_object_or_404
    raise Http404(
        "No %s matches the given query." % queryset.model._meta.object_name
    )
django.http.response.Http404: No Item matches the given query.

During handling of the above exception, another exception occurred:

Traceback (most recent call last):
  File "C:\Users\lehak\Projects\Portfolio\DjangoTut\.venv\Lib\site-packages\django\core\handlers\exception.py", line 55, in inner
    response = get_response(request)
  File "C:\Users\lehak\Projects\Portfolio\DjangoTut\.venv\Lib\site-packages\django\core\handlers\base.py", line 198, in _get_response
    response = wrapped_callback(request, *callback_args, **callback_kwargs)
  File "C:\Users\lehak\Projects\Portfolio\DjangoTut\foodapp\views.py", line 44, in detail
    return render(request, 'foodapp/detail.html', {'item': item})
                                                           ^^^^
UnboundLocalError: cannot access local variable 'item' where it is not associated with a value
C:\Users\lehak\Projects\Portfolio\DjangoTut\foodapp\views.py changed, reloading.
Watching for file changes with StatReloader
Fetching item with id 100
Error fetching the item 100: No Item matches the given query.
Internal Server Error: /foodapp/100/
Traceback (most recent call last):
  File "C:\Users\lehak\Projects\Portfolio\DjangoTut\.venv\Lib\site-packages\django\core\handlers\exception.py", line 55, in inner
    response = get_response(request)
  File "C:\Users\lehak\Projects\Portfolio\DjangoTut\.venv\Lib\site-packages\django\core\handlers\base.py", line 198, in _get_response
    response = wrapped_callback(request, *callback_args, **callback_kwargs)
  File "C:\Users\lehak\Projects\Portfolio\DjangoTut\foodapp\views.py", line 44, in detail
    return render(request, 'foodapp/detail.html', {'item': item})
                                                           ^^^^
UnboundLocalError: cannot access local variable 'item' where it is not associated with a value
Fetching item with id 100
Error fetching the item 100: No Item matches the given query.
Internal Server Error: /foodapp/100/
Traceback (most recent call last):
  File "C:\Users\lehak\Projects\Portfolio\DjangoTut\.venv\Lib\site-packages\django\core\handlers\exception.py", line 55, in inner
    response = get_response(request)
  File "C:\Users\lehak\Projects\Portfolio\DjangoTut\.venv\Lib\site-packages\django\core\handlers\base.py", line 198, in _get_response
    response = wrapped_callback(request, *callback_args, **callback_kwargs)
  File "C:\Users\lehak\Projects\Portfolio\DjangoTut\foodapp\views.py", line 44, in detail
    return render(request, 'foodapp/detail.html', {'item': item})
                                                           ^^^^
UnboundLocalError: cannot access local variable 'item' where it is not associated with a value
Fetching all items from the database
Found 23 items
Fetching all items from the database
Found 23 items
Fetching item with id 8
Item found Sushi Platter ($ 12.99)
Fetching item with id 90
Error fetching the item 90: No Item matches the given query.
Internal Server Error: /foodapp/90/
Traceback (most recent call last):
  File "C:\Users\lehak\Projects\Portfolio\DjangoTut\.venv\Lib\site-packages\django\core\handlers\exception.py", line 55, in inner
    response = get_response(request)
  File "C:\Users\lehak\Projects\Portfolio\DjangoTut\.venv\Lib\site-packages\django\core\handlers\base.py", line 198, in _get_response
    response = wrapped_callback(request, *callback_args, **callback_kwargs)
  File "C:\Users\lehak\Projects\Portfolio\DjangoTut\foodapp\views.py", line 44, in detail
    return render(request, 'foodapp/detail.html', {'item': item})
                                                           ^^^^
UnboundLocalError: cannot access local variable 'item' where it is not associated with a value
C:\Users\lehak\Projects\Portfolio\DjangoTut\foodapp\views.py changed, reloading.
Watching for file changes with StatReloader
C:\Users\lehak\Projects\Portfolio\DjangoTut\foodapp\views.py changed, reloading.
Watching for file changes with StatReloader
Fetching item with id 90
Error fetching the item 90: No Item matches the given query.
Internal Server Error: /foodapp/90/
Traceback (most recent call last):
  File "C:\Users\lehak\Projects\Portfolio\DjangoTut\.venv\Lib\site-packages\django\core\handlers\exception.py", line 55, in inner
    response = get_response(request)
  File "C:\Users\lehak\Projects\Portfolio\DjangoTut\.venv\Lib\site-packages\django\core\handlers\base.py", line 198, in _get_response
    response = wrapped_callback(request, *callback_args, **callback_kwargs)
  File "C:\Users\lehak\Projects\Portfolio\DjangoTut\foodapp\views.py", line 45, in detail
    return render(request, 'foodapp/detail.html', {'item': item})
                                                           ^^^^
UnboundLocalError: cannot access local variable 'item' where it is not associated with a value
C:\Users\lehak\Projects\Portfolio\DjangoTut\foodapp\views.py changed, reloading.
Watching for file changes with StatReloader
Fetching item with id 90
Error fetching the item 90: No Item matches the given query.
Not Found: /foodapp/90/
C:\Users\lehak\Projects\Portfolio\DjangoTut\foodapp\views.py changed, reloading.
Watching for file changes with StatReloader
Fetching item with id 90
Error fetching the item 90: No Item matches the given query.
Not Found: /foodapp/90/
C:\Users\lehak\Projects\Portfolio\DjangoTut\foodapp\views.py changed, reloading.
Watching for file changes with StatReloader
C:\Users\lehak\Projects\Portfolio\DjangoTut\foodapp\views.py changed, reloading.
Watching for file changes with StatReloader
C:\Users\lehak\Projects\Portfolio\DjangoTut\foodapp\views.py changed, reloading.
Watching for file changes with StatReloader
Fetching item with id 90
Error fetching the item 90: No Item matches the given query.
Not Found: /foodapp/90/
Fetching item with id 9
Item found Pasta Alfredo ($ 9.49)
Fetching all items from the database
User {request.user} requested item list from {request.META.get('REMOTE_ADDR')}
Found 23 items
C:\Users\lehak\Projects\Portfolio\DjangoTut\foodapp\views.py changed, reloading.
Watching for file changes with StatReloader
Fetching all items from the database
User lehak requested item list from 127.0.0.1
Found 23 items
C:\Users\lehak\Projects\Portfolio\DjangoTut\foodapp\views.py changed, reloading.
Watching for file changes with StatReloader
C:\Users\lehak\Projects\Portfolio\DjangoTut\foodapp\views.py changed, reloading.
Watching for file changes with StatReloader
C:\Users\lehak\Projects\Portfolio\DjangoTut\foodapp\views.py changed, reloading.
Watching for file changes with StatReloader
Fetching all items from the database
User [2026-07-04T11:32:57.777722+00:00] lehak requested item list from 127.0.0.1
Found 23 items
C:\Users\lehak\Projects\Portfolio\DjangoTut\foodapp\views.py changed, reloading.
Watching for file changes with StatReloader
Fetching all items from the database
At [2026-07-04T11:35:49.974992+00:00] user lehak requested item list from 127.0.0.1
Found 23 items
Fetching all items from the database
At [2026-07-04T11:36:40.461202+00:00] user lehak requested item list from 127.0.0.1
Found 23 items
Fetching all items from the database
At [2026-07-04T11:38:05.758529+00:00] user lehak requested item list from 127.0.0.1
Found 23 items
Fetching all items from the database
At [2026-07-04T11:38:46.235233+00:00] user lehak requested item list from 127.0.0.1
Found 23 items
Watching for file changes with StatReloader
Fetching all items from the database
At [2026-07-04T11:45:08.601085+00:00] user lehak requested item list from 127.0.0.1
Found 23 items
C:\Users\lehak\Projects\Portfolio\DjangoTut\foodapp\templatetags\custom_filters.py changed, reloading.
Watching for file changes with StatReloader
C:\Users\lehak\Projects\Portfolio\DjangoTut\foodapp\templatetags\custom_filters.py changed, reloading.
Watching for file changes with StatReloader
C:\Users\lehak\Projects\Portfolio\DjangoTut\foodapp\templatetags\custom_filters.py changed, reloading.
Watching for file changes with StatReloader
C:\Users\lehak\Projects\Portfolio\DjangoTut\foodapp\templatetags\custom_filters.py changed, reloading.
Watching for file changes with StatReloader
C:\Users\lehak\Projects\Portfolio\DjangoTut\foodapp\templatetags\custom_filters.py changed, reloading.
Watching for file changes with StatReloader
Fetching all items from the database
At [2026-07-04T11:48:55.035108+00:00] user lehak requested item list from 127.0.0.1
Found 23 items
C:\Users\lehak\Projects\Portfolio\DjangoTut\foodapp\urls.py changed, reloading.
Watching for file changes with StatReloader
C:\Users\lehak\Projects\Portfolio\DjangoTut\foodapp\forms.py changed, reloading.
Watching for file changes with StatReloader
C:\Users\lehak\Projects\Portfolio\DjangoTut\foodapp\forms.py changed, reloading.
Watching for file changes with StatReloader
C:\Users\lehak\Projects\Portfolio\DjangoTut\foodapp\forms.py changed, reloading.
Watching for file changes with StatReloader
C:\Users\lehak\Projects\Portfolio\DjangoTut\foodapp\forms.py changed, reloading.
Watching for file changes with StatReloader
C:\Users\lehak\Projects\Portfolio\DjangoTut\foodapp\forms.py changed, reloading.
Watching for file changes with StatReloader
C:\Users\lehak\Projects\Portfolio\DjangoTut\foodapp\forms.py changed, reloading.
Watching for file changes with StatReloader
C:\Users\lehak\Projects\Portfolio\DjangoTut\foodapp\forms.py changed, reloading.
Watching for file changes with StatReloader
C:\Users\lehak\Projects\Portfolio\DjangoTut\foodapp\forms.py changed, reloading.
Watching for file changes with StatReloader
C:\Users\lehak\Projects\Portfolio\DjangoTut\foodapp\forms.py changed, reloading.
Watching for file changes with StatReloader
C:\Users\lehak\Projects\Portfolio\DjangoTut\foodapp\forms.py changed, reloading.
Watching for file changes with StatReloader
C:\Users\lehak\Projects\Portfolio\DjangoTut\foodapp\forms.py changed, reloading.
Watching for file changes with StatReloader
C:\Users\lehak\Projects\Portfolio\DjangoTut\foodapp\forms.py changed, reloading.
Watching for file changes with StatReloader
C:\Users\lehak\Projects\Portfolio\DjangoTut\foodapp\forms.py changed, reloading.
Watching for file changes with StatReloader
Fetching all items from the database
At [2026-07-05T11:17:23.756387+00:00] user lehak requested item list from 127.0.0.1
Found 24 items
Fetching all items from the database
At [2026-07-05T11:17:32.939001+00:00] user lehak requested item list from 127.0.0.1
Found 24 items
Fetching all items from the database
At [2026-07-05T11:17:34.618453+00:00] user lehak requested item list from 127.0.0.1
Found 24 items
Fetching all items from the database
At [2026-07-05T11:17:35.964300+00:00] user lehak requested item list from 127.0.0.1
Found 24 items
Fetching all items from the database
At [2026-07-05T11:17:38.025385+00:00] user lehak requested item list from 127.0.0.1
Found 24 items
C:\Users\lehak\Projects\Portfolio\DjangoTut\foodapp\forms.py changed, reloading.
Watching for file changes with StatReloader
Fetching item with id 24
Item found Negative Item ($ -10.00)
Fetching all items from the database
At [2026-07-05T11:18:57.512022+00:00] user lehak requested item list from 127.0.0.1
Found 23 items
C:\Users\lehak\Projects\Portfolio\DjangoTut\foodapp\views.py changed, reloading.
Watching for file changes with StatReloader
C:\Users\lehak\Projects\Portfolio\DjangoTut\foodapp\views.py changed, reloading.
Watching for file changes with StatReloader
C:\Users\lehak\Projects\Portfolio\DjangoTut\foodapp\views.py changed, reloading.
Watching for file changes with StatReloader
C:\Users\lehak\Projects\Portfolio\DjangoTut\foodapp\forms.py changed, reloading.
Watching for file changes with StatReloader
C:\Users\lehak\Projects\Portfolio\DjangoTut\foodapp\forms.py changed, reloading.
Watching for file changes with StatReloader
C:\Users\lehak\Projects\Portfolio\DjangoTut\foodapp\forms.py changed, reloading.
Watching for file changes with StatReloader
C:\Users\lehak\Projects\Portfolio\DjangoTut\foodapp\forms.py changed, reloading.
Watching for file changes with StatReloader
C:\Users\lehak\Projects\Portfolio\DjangoTut\foodapp\forms.py changed, reloading.
Watching for file changes with StatReloader
C:\Users\lehak\Projects\Portfolio\DjangoTut\foodapp\forms.py changed, reloading.
Watching for file changes with StatReloader
C:\Users\lehak\Projects\Portfolio\DjangoTut\foodapp\forms.py changed, reloading.
Watching for file changes with StatReloader
C:\Users\lehak\Projects\Portfolio\DjangoTut\foodapp\views.py changed, reloading.
Watching for file changes with StatReloader
C:\Users\lehak\Projects\Portfolio\DjangoTut\foodapp\views.py changed, reloading.
Watching for file changes with StatReloader
C:\Users\lehak\Projects\Portfolio\DjangoTut\foodapp\views.py changed, reloading.
Watching for file changes with StatReloader
C:\Users\lehak\Projects\Portfolio\DjangoTut\foodapp\urls.py changed, reloading.
Watching for file changes with StatReloader
C:\Users\lehak\Projects\Portfolio\DjangoTut\foodapp\urls.py changed, reloading.
Watching for file changes with StatReloader
C:\Users\lehak\Projects\Portfolio\DjangoTut\foodapp\urls.py changed, reloading.
Watching for file changes with StatReloader
C:\Users\lehak\Projects\Portfolio\DjangoTut\foodapp\urls.py changed, reloading.
Watching for file changes with StatReloader
C:\Users\lehak\Projects\Portfolio\DjangoTut\foodapp\urls.py changed, reloading.
Watching for file changes with StatReloader
C:\Users\lehak\Projects\Portfolio\DjangoTut\foodapp\urls.py changed, reloading.
Watching for file changes with StatReloader
C:\Users\lehak\Projects\Portfolio\DjangoTut\foodapp\views.py changed, reloading.
Watching for file changes with StatReloader
C:\Users\lehak\Projects\Portfolio\DjangoTut\foodapp\views.py changed, reloading.
Watching for file changes with StatReloader
Internal Server Error: /foodapp/items-json/
Traceback (most recent call last):
  File "C:\Users\lehak\Projects\Portfolio\DjangoTut\.venv\Lib\site-packages\django\core\handlers\exception.py", line 55, in inner
    response = get_response(request)
  File "C:\Users\lehak\Projects\Portfolio\DjangoTut\.venv\Lib\site-packages\django\core\handlers\base.py", line 198, in _get_response
    response = wrapped_callback(request, *callback_args, **callback_kwargs)
  File "C:\Users\lehak\Projects\Portfolio\DjangoTut\foodapp\views.py", line 23, in item_list_json
    return JsonResponse({'items': items})
  File "C:\Users\lehak\Projects\Portfolio\DjangoTut\.venv\Lib\site-packages\django\http\response.py", line 761, in __init__
    data = json.dumps(data, cls=encoder, **json_dumps_params)
  File "C:\Users\lehak\AppData\Local\Programs\Python\Python313\Lib\json\__init__.py", line 238, in dumps
    **kw).encode(obj)
          ~~~~~~^^^^^
  File "C:\Users\lehak\AppData\Local\Programs\Python\Python313\Lib\json\encoder.py", line 200, in encode
    chunks = self.iterencode(o, _one_shot=True)
  File "C:\Users\lehak\AppData\Local\Programs\Python\Python313\Lib\json\encoder.py", line 261, in iterencode
    return _iterencode(o, 0)
  File "C:\Users\lehak\Projects\Portfolio\DjangoTut\.venv\Lib\site-packages\django\core\serializers\json.py", line 113, in default
    return super().default(o)
           ~~~~~~~~~~~~~~~^^^
  File "C:\Users\lehak\AppData\Local\Programs\Python\Python313\Lib\json\encoder.py", line 180, in default
    raise TypeError(f'Object of type {o.__class__.__name__} '
                    f'is not JSON serializable')
TypeError: Object of type QuerySet is not JSON serializable
C:\Users\lehak\Projects\Portfolio\DjangoTut\foodapp\views.py changed, reloading.
Watching for file changes with StatReloader
C:\Users\lehak\Projects\Portfolio\DjangoTut\foodapp\views.py changed, reloading.
Watching for file changes with StatReloader
C:\Users\lehak\Projects\Portfolio\DjangoTut\foodapp\views.py changed, reloading.
Watching for file changes with StatReloader
C:\Users\lehak\Projects\Portfolio\DjangoTut\foodapp\views.py changed, reloading.
Watching for file changes with StatReloader
C:\Users\lehak\Projects\Portfolio\DjangoTut\foodapp\views.py changed, reloading.
Watching for file changes with StatReloader
Watching for file changes with StatReloader
C:\Users\lehak\Projects\Portfolio\DjangoTut\foodapp\views.py changed, reloading.
Watching for file changes with StatReloader
C:\Users\lehak\Projects\Portfolio\DjangoTut\foodapp\views.py changed, reloading.
Watching for file changes with StatReloader
C:\Users\lehak\Projects\Portfolio\DjangoTut\foodapp\views.py changed, reloading.
Watching for file changes with StatReloader
C:\Users\lehak\Projects\Portfolio\DjangoTut\foodapp\views.py changed, reloading.
Watching for file changes with StatReloader
C:\Users\lehak\Projects\Portfolio\DjangoTut\foodapp\views.py changed, reloading.
Watching for file changes with StatReloader
C:\Users\lehak\Projects\Portfolio\DjangoTut\foodapp\urls.py changed, reloading.
Watching for file changes with StatReloader
C:\Users\lehak\Projects\Portfolio\DjangoTut\foodapp\urls.py changed, reloading.
Watching for file changes with StatReloader
C:\Users\lehak\Projects\Portfolio\DjangoTut\foodapp\views.py changed, reloading.
Watching for file changes with StatReloader
Not Found: /foodapp/api/items/10/
Not Found: /foodapp/api/items/9/
C:\Users\lehak\Projects\Portfolio\DjangoTut\foodapp\views.py changed, reloading.
Watching for file changes with StatReloader
C:\Users\lehak\Projects\Portfolio\DjangoTut\foodapp\views.py changed, reloading.
Watching for file changes with StatReloader
C:\Users\lehak\Projects\Portfolio\DjangoTut\foodapp\views.py changed, reloading.
Watching for file changes with StatReloader
C:\Users\lehak\Projects\Portfolio\DjangoTut\foodapp\views.py changed, reloading.
Watching for file changes with StatReloader
C:\Users\lehak\Projects\Portfolio\DjangoTut\foodapp\views.py changed, reloading.
Watching for file changes with StatReloader
C:\Users\lehak\Projects\Portfolio\DjangoTut\foodapp\views.py changed, reloading.
Watching for file changes with StatReloader
Fetching all items from the database
At [2026-07-08T13:47:37.292499+00:00] user lehak requested item list from 127.0.0.1
Found 23 items
Not Found: /foodapp/item-list
C:\Users\lehak\Projects\Portfolio\DjangoTut\foodapp\views.py changed, reloading.
Watching for file changes with StatReloader
C:\Users\lehak\Projects\Portfolio\DjangoTut\foodapp\views.py changed, reloading.
Watching for file changes with StatReloader
C:\Users\lehak\Projects\Portfolio\DjangoTut\foodapp\views.py changed, reloading.
Watching for file changes with StatReloader
C:\Users\lehak\Projects\Portfolio\DjangoTut\foodapp\views.py changed, reloading.
Watching for file changes with StatReloader
C:\Users\lehak\Projects\Portfolio\DjangoTut\foodapp\views.py changed, reloading.
Watching for file changes with StatReloader
C:\Users\lehak\Projects\Portfolio\DjangoTut\foodapp\views.py changed, reloading.
Watching for file changes with StatReloader
Fetching all items from the database
At [2026-07-08T13:54:48.026959+00:00] user lehak requested item list from 127.0.0.1
Found 24 items
C:\Users\lehak\Projects\Portfolio\DjangoTut\foodapp\views.py changed, reloading.
Watching for file changes with StatReloader
C:\Users\lehak\Projects\Portfolio\DjangoTut\foodapp\views.py changed, reloading.
Watching for file changes with StatReloader
C:\Users\lehak\Projects\Portfolio\DjangoTut\foodapp\views.py changed, reloading.
Watching for file changes with StatReloader
C:\Users\lehak\Projects\Portfolio\DjangoTut\foodapp\urls.py changed, reloading.
Watching for file changes with StatReloader
C:\Users\lehak\Projects\Portfolio\DjangoTut\foodapp\views.py changed, reloading.
Watching for file changes with StatReloader
C:\Users\lehak\Projects\Portfolio\DjangoTut\foodapp\views.py changed, reloading.
Watching for file changes with StatReloader
C:\Users\lehak\Projects\Portfolio\DjangoTut\foodapp\views.py changed, reloading.
Watching for file changes with StatReloader
C:\Users\lehak\Projects\Portfolio\DjangoTut\foodapp\views.py changed, reloading.
Watching for file changes with StatReloader
C:\Users\lehak\Projects\Portfolio\DjangoTut\foodapp\views.py changed, reloading.
Watching for file changes with StatReloader
C:\Users\lehak\Projects\Portfolio\DjangoTut\foodapp\views.py changed, reloading.
Watching for file changes with StatReloader
C:\Users\lehak\Projects\Portfolio\DjangoTut\foodapp\views.py changed, reloading.
Watching for file changes with StatReloader
C:\Users\lehak\Projects\Portfolio\DjangoTut\foodapp\views.py changed, reloading.
Watching for file changes with StatReloader
C:\Users\lehak\Projects\Portfolio\DjangoTut\foodapp\views.py changed, reloading.
Watching for file changes with StatReloader
C:\Users\lehak\Projects\Portfolio\DjangoTut\foodapp\views.py changed, reloading.
Watching for file changes with StatReloader
C:\Users\lehak\Projects\Portfolio\DjangoTut\foodapp\views.py changed, reloading.
Watching for file changes with StatReloader
C:\Users\lehak\Projects\Portfolio\DjangoTut\foodapp\views.py changed, reloading.
Watching for file changes with StatReloader
C:\Users\lehak\Projects\Portfolio\DjangoTut\foodapp\views.py changed, reloading.
Watching for file changes with StatReloader
C:\Users\lehak\Projects\Portfolio\DjangoTut\foodapp\views.py changed, reloading.
Watching for file changes with StatReloader
C:\Users\lehak\Projects\Portfolio\DjangoTut\foodapp\views.py changed, reloading.
Watching for file changes with StatReloader
C:\Users\lehak\Projects\Portfolio\DjangoTut\foodapp\views.py changed, reloading.
Watching for file changes with StatReloader
C:\Users\lehak\Projects\Portfolio\DjangoTut\foodapp\views.py changed, reloading.
Watching for file changes with StatReloader
C:\Users\lehak\Projects\Portfolio\DjangoTut\foodapp\views.py changed, reloading.
Watching for file changes with StatReloader
C:\Users\lehak\Projects\Portfolio\DjangoTut\foodapp\views.py changed, reloading.
Watching for file changes with StatReloader
C:\Users\lehak\Projects\Portfolio\DjangoTut\foodapp\urls.py changed, reloading.
Watching for file changes with StatReloader
C:\Users\lehak\Projects\Portfolio\DjangoTut\foodapp\urls.py changed, reloading.
Watching for file changes with StatReloader
C:\Users\lehak\Projects\Portfolio\DjangoTut\foodapp\views.py changed, reloading.
Watching for file changes with StatReloader
C:\Users\lehak\Projects\Portfolio\DjangoTut\foodapp\views.py changed, reloading.
Watching for file changes with StatReloader
C:\Users\lehak\Projects\Portfolio\DjangoTut\foodapp\views.py changed, reloading.
Watching for file changes with StatReloader
C:\Users\lehak\Projects\Portfolio\DjangoTut\foodapp\views.py changed, reloading.
Watching for file changes with StatReloader
C:\Users\lehak\Projects\Portfolio\DjangoTut\foodapp\views.py changed, reloading.
Watching for file changes with StatReloader
C:\Users\lehak\Projects\Portfolio\DjangoTut\foodapp\urls.py changed, reloading.
Watching for file changes with StatReloader
C:\Users\lehak\Projects\Portfolio\DjangoTut\foodapp\views.py changed, reloading.
Watching for file changes with StatReloader
C:\Users\lehak\Projects\Portfolio\DjangoTut\foodapp\views.py changed, reloading.
Watching for file changes with StatReloader
C:\Users\lehak\Projects\Portfolio\DjangoTut\foodapp\views.py changed, reloading.
Watching for file changes with StatReloader
C:\Users\lehak\Projects\Portfolio\DjangoTut\foodapp\views.py changed, reloading.
Watching for file changes with StatReloader
C:\Users\lehak\Projects\Portfolio\DjangoTut\foodapp\views.py changed, reloading.
Watching for file changes with StatReloader
C:\Users\lehak\Projects\Portfolio\DjangoTut\foodapp\urls.py changed, reloading.
Watching for file changes with StatReloader
Not Found: /foodapp/items-api/
C:\Users\lehak\Projects\Portfolio\DjangoTut\foodapp\views.py changed, reloading.
Watching for file changes with StatReloader
C:\Users\lehak\Projects\Portfolio\DjangoTut\foodapp\views.py changed, reloading.
Watching for file changes with StatReloader
C:\Users\lehak\Projects\Portfolio\DjangoTut\foodapp\views.py changed, reloading.
Watching for file changes with StatReloader
C:\Users\lehak\Projects\Portfolio\DjangoTut\foodapp\views.py changed, reloading.
Watching for file changes with StatReloader
C:\Users\lehak\Projects\Portfolio\DjangoTut\foodapp\views.py changed, reloading.
Watching for file changes with StatReloader
C:\Users\lehak\Projects\Portfolio\DjangoTut\foodapp\urls.py changed, reloading.
Watching for file changes with StatReloader
C:\Users\lehak\Projects\Portfolio\DjangoTut\foodapp\urls.py changed, reloading.
Watching for file changes with StatReloader
C:\Users\lehak\Projects\Portfolio\DjangoTut\foodapp\urls.py changed, reloading.
Watching for file changes with StatReloader
C:\Users\lehak\Projects\Portfolio\DjangoTut\foodapp\urls.py changed, reloading.
Watching for file changes with StatReloader
C:\Users\lehak\Projects\Portfolio\DjangoTut\foodapp\urls.py changed, reloading.
Watching for file changes with StatReloader
C:\Users\lehak\Projects\Portfolio\DjangoTut\foodapp\urls.py changed, reloading.
Watching for file changes with StatReloader
C:\Users\lehak\Projects\Portfolio\DjangoTut\foodapp\urls.py changed, reloading.
Watching for file changes with StatReloader
C:\Users\lehak\Projects\Portfolio\DjangoTut\foodapp\urls.py changed, reloading.
Watching for file changes with StatReloader
C:\Users\lehak\Projects\Portfolio\DjangoTut\foodapp\urls.py changed, reloading.
Watching for file changes with StatReloader
C:\Users\lehak\Projects\Portfolio\DjangoTut\foodapp\views.py changed, reloading.
Watching for file changes with StatReloader
C:\Users\lehak\Projects\Portfolio\DjangoTut\mysite\settings.py changed, reloading.
Watching for file changes with StatReloader
C:\Users\lehak\Projects\Portfolio\DjangoTut\mysite\settings.py changed, reloading.
Watching for file changes with StatReloader
C:\Users\lehak\Projects\Portfolio\DjangoTut\mysite\settings.py changed, reloading.
Watching for file changes with StatReloader
C:\Users\lehak\Projects\Portfolio\DjangoTut\foodapp\views.py changed, reloading.
Watching for file changes with StatReloader
C:\Users\lehak\Projects\Portfolio\DjangoTut\foodapp\views.py changed, reloading.
Watching for file changes with StatReloader
Not Found: /foodapp/admin
Forbidden: /foodapp/api/items/9/
C:\Users\lehak\Projects\Portfolio\DjangoTut\foodapp\views.py changed, reloading.
Watching for file changes with StatReloader
C:\Users\lehak\Projects\Portfolio\DjangoTut\foodapp\views.py changed, reloading.
Watching for file changes with StatReloader
C:\Users\lehak\Projects\Portfolio\DjangoTut\mysite\settings.py changed, reloading.
Watching for file changes with StatReloader
Watching for file changes with StatReloader
Unauthorized: /foodapp/api/items/
C:\Users\lehak\Projects\Portfolio\DjangoTut\foodapp\views.py changed, reloading.
Watching for file changes with StatReloader
C:\Users\lehak\Projects\Portfolio\DjangoTut\foodapp\views.py changed, reloading.
Watching for file changes with StatReloader
C:\Users\lehak\Projects\Portfolio\DjangoTut\foodapp\views.py changed, reloading.
Watching for file changes with StatReloader
Unauthorized: /foodapp/api/items/
Unauthorized: /foodapp/api/items/
Unauthorized: /foodapp/api/items/
Watching for file changes with StatReloader
Watching for file changes with StatReloader
C:\Users\lehak\Projects\Portfolio\DjangoTut\mysite\settings.py changed, reloading.
Watching for file changes with StatReloader
Bad Request: /foodapp/api/token/
C:\Users\lehak\Projects\Portfolio\DjangoTut\foodapp\views.py changed, reloading.
Watching for file changes with StatReloader
C:\Users\lehak\Projects\Portfolio\DjangoTut\foodapp\views.py changed, reloading.
Watching for file changes with StatReloader
Watching for file changes with StatReloader
C:\Users\lehak\Projects\Portfolio\DjangoTut\foodapp\views.py changed, reloading.
Watching for file changes with StatReloader
C:\Users\lehak\Projects\Portfolio\DjangoTut\foodapp\views.py changed, reloading.
Watching for file changes with StatReloader
C:\Users\lehak\Projects\Portfolio\DjangoTut\foodapp\permissions.py changed, reloading.
Watching for file changes with StatReloader
C:\Users\lehak\Projects\Portfolio\DjangoTut\foodapp\permissions.py changed, reloading.
Watching for file changes with StatReloader
C:\Users\lehak\Projects\Portfolio\DjangoTut\foodapp\serializers.py changed, reloading.
Watching for file changes with StatReloader
C:\Users\lehak\Projects\Portfolio\DjangoTut\foodapp\serializers.py changed, reloading.
Watching for file changes with StatReloader
C:\Users\lehak\Projects\Portfolio\DjangoTut\foodapp\serializers.py changed, reloading.
Watching for file changes with StatReloader
C:\Users\lehak\Projects\Portfolio\DjangoTut\foodapp\serializers.py changed, reloading.
Watching for file changes with StatReloader
C:\Users\lehak\Projects\Portfolio\DjangoTut\foodapp\serializers.py changed, reloading.
Watching for file changes with StatReloader
C:\Users\lehak\Projects\Portfolio\DjangoTut\foodapp\serializers.py changed, reloading.
Watching for file changes with StatReloader
C:\Users\lehak\Projects\Portfolio\DjangoTut\foodapp\serializers.py changed, reloading.
Watching for file changes with StatReloader
C:\Users\lehak\Projects\Portfolio\DjangoTut\foodapp\serializers.py changed, reloading.
Watching for file changes with StatReloader
C:\Users\lehak\Projects\Portfolio\DjangoTut\foodapp\serializers.py changed, reloading.
Watching for file changes with StatReloader
C:\Users\lehak\Projects\Portfolio\DjangoTut\foodapp\views.py changed, reloading.
Watching for file changes with StatReloader
C:\Users\lehak\Projects\Portfolio\DjangoTut\foodapp\views.py changed, reloading.
Watching for file changes with StatReloader
C:\Users\lehak\Projects\Portfolio\DjangoTut\foodapp\views.py changed, reloading.
Watching for file changes with StatReloader
C:\Users\lehak\Projects\Portfolio\DjangoTut\mysite\settings.py changed, reloading.
Watching for file changes with StatReloader
C:\Users\lehak\Projects\Portfolio\DjangoTut\mysite\settings.py changed, reloading.
Watching for file changes with StatReloader
C:\Users\lehak\Projects\Portfolio\DjangoTut\mysite\settings.py changed, reloading.
Watching for file changes with StatReloader
Watching for file changes with StatReloader
C:\Users\lehak\Projects\Portfolio\DjangoTut\foodapp\views.py changed, reloading.
Watching for file changes with StatReloader
C:\Users\lehak\Projects\Portfolio\DjangoTut\foodapp\views.py changed, reloading.
Watching for file changes with StatReloader
C:\Users\lehak\Projects\Portfolio\DjangoTut\foodapp\views.py changed, reloading.
Watching for file changes with StatReloader
C:\Users\lehak\Projects\Portfolio\DjangoTut\foodapp\views.py changed, reloading.
Watching for file changes with StatReloader
C:\Users\lehak\Projects\Portfolio\DjangoTut\foodapp\views.py changed, reloading.
Watching for file changes with StatReloader
C:\Users\lehak\Projects\Portfolio\DjangoTut\foodapp\views.py changed, reloading.
Watching for file changes with StatReloader
C:\Users\lehak\Projects\Portfolio\DjangoTut\foodapp\views.py changed, reloading.
Watching for file changes with StatReloader
C:\Users\lehak\Projects\Portfolio\DjangoTut\foodapp\views.py changed, reloading.
Watching for file changes with StatReloader
C:\Users\lehak\Projects\Portfolio\DjangoTut\foodapp\views.py changed, reloading.
Watching for file changes with StatReloader
C:\Users\lehak\Projects\Portfolio\DjangoTut\foodapp\serializers.py changed, reloading.
Watching for file changes with StatReloader
C:\Users\lehak\Projects\Portfolio\DjangoTut\foodapp\serializers.py changed, reloading.
Watching for file changes with StatReloader
C:\Users\lehak\Projects\Portfolio\DjangoTut\foodapp\serializers.py changed, reloading.
Watching for file changes with StatReloader
C:\Users\lehak\Projects\Portfolio\DjangoTut\foodapp\serializers.py changed, reloading.
Watching for file changes with StatReloader
C:\Users\lehak\Projects\Portfolio\DjangoTut\mysite\settings.py changed, reloading.
Watching for file changes with StatReloader
C:\Users\lehak\Projects\Portfolio\DjangoTut\mysite\settings.py changed, reloading.
Watching for file changes with StatReloader
C:\Users\lehak\Projects\Portfolio\DjangoTut\mysite\settings.py changed, reloading.
Watching for file changes with StatReloader
C:\Users\lehak\Projects\Portfolio\DjangoTut\mysite\settings.py changed, reloading.
Watching for file changes with StatReloader
Not Found: /favicon.ico
C:\Users\lehak\Projects\Portfolio\DjangoTut\foodapp\views.py changed, reloading.
Watching for file changes with StatReloader
C:\Users\lehak\Projects\Portfolio\DjangoTut\foodapp\models.py changed, reloading.
Watching for file changes with StatReloader
C:\Users\lehak\Projects\Portfolio\DjangoTut\foodapp\models.py changed, reloading.
Watching for file changes with StatReloader
C:\Users\lehak\Projects\Portfolio\DjangoTut\foodapp\models.py changed, reloading.
Watching for file changes with StatReloader
C:\Users\lehak\Projects\Portfolio\DjangoTut\foodapp\models.py changed, reloading.
Watching for file changes with StatReloader
Watching for file changes with StatReloader
C:\Users\lehak\Projects\Portfolio\DjangoTut\foodapp\admin.py changed, reloading.
Watching for file changes with StatReloader
C:\Users\lehak\Projects\Portfolio\DjangoTut\foodapp\serializers.py changed, reloading.
Watching for file changes with StatReloader
C:\Users\lehak\Projects\Portfolio\DjangoTut\foodapp\serializers.py changed, reloading.
Watching for file changes with StatReloader
C:\Users\lehak\Projects\Portfolio\DjangoTut\foodapp\serializers.py changed, reloading.
Watching for file changes with StatReloader
C:\Users\lehak\Projects\Portfolio\DjangoTut\foodapp\serializers.py changed, reloading.
Watching for file changes with StatReloader
C:\Users\lehak\Projects\Portfolio\DjangoTut\foodapp\serializers.py changed, reloading.
Watching for file changes with StatReloader
C:\Users\lehak\Projects\Portfolio\DjangoTut\foodapp\serializers.py changed, reloading.
Watching for file changes with StatReloader
C:\Users\lehak\Projects\Portfolio\DjangoTut\foodapp\views.py changed, reloading.
Watching for file changes with StatReloader
C:\Users\lehak\Projects\Portfolio\DjangoTut\foodapp\views.py changed, reloading.
Watching for file changes with StatReloader
C:\Users\lehak\Projects\Portfolio\DjangoTut\foodapp\views.py changed, reloading.
Watching for file changes with StatReloader
C:\Users\lehak\Projects\Portfolio\DjangoTut\foodapp\urls.py changed, reloading.
Watching for file changes with StatReloader
Watching for file changes with StatReloader
Not Found: /foodapp/orders/
Not Found: /foodapp/orders
Watching for file changes with StatReloader
Not Found: /foodapp/api/schema
Not Found: /foodapp/api/schema/swagger-ui
Not Found: /.well-known/appspecific/com.chrome.devtools.json
Not Found: /d87bcbdbea8f8f5aa26f.worker.js.map
Watching for file changes with StatReloader
Not Found: /cart/cart-overview
Not Found: /favicon.ico
Not Found: /
Not Found: /
